<?xml version="1.0" encoding="UTF-8"?>
<testng-results ignored="0" total="3" passed="3" failed="0" skipped="0">
  <reporter-output>
  </reporter-output>
  <suite started-at="2023-05-25T17:20:27 EDT" name="Suite" finished-at="2023-05-25T17:20:52 EDT" duration-ms="24546">
    <groups>
    </groups>
    <test started-at="2023-05-25T17:20:27 EDT" name="Test" finished-at="2023-05-25T17:20:52 EDT" duration-ms="24546">
      <class name="com.test.MultiTest">
        <test-method is-config="true" signature="Initalization()[pri:0, instance:com.test.MultiTest@2fb3536e]" started-at="2023-05-25T17:20:33 EDT" name="Initalization" finished-at="2023-05-25T17:20:38 EDT" duration-ms="4823" status="PASS">
          <reporter-output>
          </reporter-output>
        </test-method> <!-- Initalization -->
        <test-method signature="DropDown()[pri:0, instance:com.test.MultiTest@2fb3536e]" started-at="2023-05-25T17:20:38 EDT" name="DropDown" finished-at="2023-05-25T17:20:38 EDT" duration-ms="766" status="PASS">
          <reporter-output>
          </reporter-output>
        </test-method> <!-- DropDown -->
        <test-method signature="AdvanceDropDown()[pri:0, instance:com.test.MultiTest@2fb3536e]" started-at="2023-05-25T17:20:38 EDT" name="AdvanceDropDown" finished-at="2023-05-25T17:20:51 EDT" depends-on-methods="com.test.MultiTest.DropDown" duration-ms="12863" status="PASS">
          <reporter-output>
          </reporter-output>
        </test-method> <!-- AdvanceDropDown -->
        <test-method is-config="true" signature="CleanUp()[pri:0, instance:com.test.MultiTest@2fb3536e]" started-at="2023-05-25T17:20:51 EDT" name="CleanUp" finished-at="2023-05-25T17:20:52 EDT" duration-ms="311" status="PASS">
          <reporter-output>
          </reporter-output>
        </test-method> <!-- CleanUp -->
      </class> <!-- com.test.MultiTest -->
      <class name="com.test.DragDrop">
        <test-method signature="DragDropss()[pri:0, instance:com.test.DragDrop@3059cbc]" started-at="2023-05-25T17:20:27 EDT" name="DragDropss" finished-at="2023-05-25T17:20:33 EDT" duration-ms="5733" status="PASS">
          <reporter-output>
          </reporter-output>
        </test-method> <!-- DragDropss -->
      </class> <!-- com.test.DragDrop -->
    </test> <!-- Test -->
  </suite> <!-- Suite -->
</testng-results>
