<?xml version="1.0" encoding="UTF-8"?>
<testng-results ignored="0" total="3" passed="3" failed="0" skipped="0">
  <reporter-output>
  </reporter-output>
  <suite started-at="2024-04-26T16:27:42 EDT" name="Default suite" finished-at="2024-04-26T16:27:43 EDT" duration-ms="923">
    <groups>
    </groups>
    <test started-at="2024-04-26T16:27:42 EDT" name="Default test" finished-at="2024-04-26T16:27:43 EDT" duration-ms="923">
      <class name="com.test.PetApi">
        <test-method is-config="true" signature="Initalization()[pri:0, instance:com.test.PetApi@c0b41d6]" started-at="2024-04-26T16:27:42 EDT" name="Initalization" finished-at="2024-04-26T16:27:42 EDT" duration-ms="7" status="PASS">
          <reporter-output>
          </reporter-output>
        </test-method> <!-- Initalization -->
        <test-method signature="PostUSerCreation()[pri:1, instance:com.test.PetApi@c0b41d6]" started-at="2024-04-26T16:27:42 EDT" name="PostUSerCreation" finished-at="2024-04-26T16:27:43 EDT" duration-ms="774" status="PASS">
          <reporter-output>
          </reporter-output>
        </test-method> <!-- PostUSerCreation -->
        <test-method signature="PostGetData()[pri:2, instance:com.test.PetApi@c0b41d6]" started-at="2024-04-26T16:27:43 EDT" name="PostGetData" finished-at="2024-04-26T16:27:43 EDT" duration-ms="64" status="PASS">
          <reporter-output>
          </reporter-output>
        </test-method> <!-- PostGetData -->
        <test-method signature="PostDelete()[pri:3, instance:com.test.PetApi@c0b41d6]" started-at="2024-04-26T16:27:43 EDT" name="PostDelete" finished-at="2024-04-26T16:27:43 EDT" duration-ms="51" status="PASS">
          <reporter-output>
          </reporter-output>
        </test-method> <!-- PostDelete -->
      </class> <!-- com.test.PetApi -->
    </test> <!-- Default test -->
  </suite> <!-- Default suite -->
</testng-results>
