<?xml version="1.0" encoding="UTF-8"?>
<!-- Generated by org.testng.reporters.JUnitXMLReporter -->
<testsuite ignored="0" hostname="DESKTOP-G846DJ5" failures="0" tests="3" name="Default test" time="1.295" errors="0" timestamp="2024-04-22T22:27:31 EDT">
  <testcase classname="com.test.PetApi" name="PostData" time="1.121"/>
  <testcase classname="com.test.PetApi" name="PostUSerCreation" time="0.061"/>
  <testcase classname="com.test.PetApi" name="getData" time="0.082"/>
</testsuite> <!-- Default test -->
