<?xml version="1.0" encoding="UTF-8"?>
<!-- Generated by org.testng.reporters.JUnitXMLReporter -->
<testsuite ignored="0" hostname="DESKTOP-G846DJ5" failures="0" tests="3" name="Test" time="24.546" errors="0" timestamp="2023-05-25T17:20:52 EDT">
  <testcase classname="com.test.DragDrop" name="DragDropss" time="5.733"/>
  <testcase classname="com.test.MultiTest" name="DropDown" time="0.766"/>
  <testcase classname="com.test.MultiTest" name="AdvanceDropDown" time="12.863"/>
</testsuite> <!-- Test -->
